/Users/Brinck/Documents/data/preprocessed/data
setup Left Eye 0 100
setup Right Eye 0 200
../Users/Brinck/Documents/data/preprocessed/data
setup Left Eye 0 100
setup Right Eye 0 200
............OpenCV Error: Assertion failed (0 <= _colRange.start && _colRange.start <= _colRange.end && _colRange.end <= m.cols) in Mat, file /Users/Brinck/Downloads/opencv-2.4.13/modules/core/src/matrix.cpp, line 292
/Users/Brinck/Downloads/opencv-2.4.13/modules/core/src/matrix.cpp:292: error: (-215) 0 <= _colRange.start && _colRange.start <= _colRange.end && _colRange.end <= m.cols in function Mat

........#
....................#
....................#
..........OpenCV Error: Assertion failed (0 <= _colRange.start && _colRange.start <= _colRange.end && _colRange.end <= m.cols) in Mat, file /Users/Brinck/Downloads/opencv-2.4.13/modules/core/src/matrix.cpp, line 292
/Users/Brinck/Downloads/opencv-2.4.13/modules/core/src/matrix.cpp:292: error: (-215) 0 <= _colRange.start && _colRange.start <= _colRange.end && _colRange.end <= m.cols in function Mat

OpenCV Error: Assertion failed (0 <= _colRange.start && _colRange.start <= _colRange.end && _colRange.end <= m.cols) in Mat, file /Users/Brinck/Downloads/opencv-2.4.13/modules/core/src/matrix.cpp, line 292
/Users/Brinck/Downloads/opencv-2.4.13/modules/core/src/matrix.cpp:292: error: (-215) 0 <= _colRange.start && _colRange.start <= _colRange.end && _colRange.end <= m.cols in function Mat

.OpenCV Error: Assertion failed (0 <= _colRange.start && _colRange.start <= _colRange.end && _colRange.end <= m.cols) in Mat, file /Users/Brinck/Downloads/opencv-2.4.13/modules/core/src/matrix.cpp, line 292
/Users/Brinck/Downloads/opencv-2.4.13/modules/core/src/matrix.cpp:292: error: (-215) 0 <= _colRange.start && _colRange.start <= _colRange.end && _colRange.end <= m.cols in function Mat

OpenCV Error: Assertion failed (0 <= _colRange.start && _colRange.start <= _colRange.end && _colRange.end <= m.cols) in Mat, file /Users/Brinck/Downloads/opencv-2.4.13/modules/core/src/matrix.cpp, line 292
/Users/Brinck/Downloads/opencv-2.4.13/modules/core/src/matrix.cpp:292: error: (-215) 0 <= _colRange.start && _colRange.start <= _colRange.end && _colRange.end <= m.cols in function Mat

OpenCV Error: Assertion failed (0 <= _colRange.start && _colRange.start <= _colRange.end && _colRange.end <= m.cols) in Mat, file /Users/Brinck/Downloads/opencv-2.4.13/modules/core/src/matrix.cpp, line 292
/Users/Brinck/Downloads/opencv-2.4.13/modules/core/src/matrix.cpp:292: error: (-215) 0 <= _colRange.start && _colRange.start <= _colRange.end && _colRange.end <= m.cols in function Mat

.OpenCV Error: Assertion failed (0 <= _colRange.start && _colRange.start <= _colRange.end && _colRange.end <= m.cols) in Mat, file /Users/Brinck/Downloads/opencv-2.4.13/modules/core/src/matrix.cpp, line 292
/Users/Brinck/Downloads/opencv-2.4.13/modules/core/src/matrix.cpp:292: error: (-215) 0 <= _colRange.start && _colRange.start <= _colRange.end && _colRange.end <= m.cols in function Mat

OpenCV Error: Assertion failed (0 <= _colRange.start && _colRange.start <= _colRange.end && _colRange.end <= m.cols) in Mat, file /Users/Brinck/Downloads/opencv-2.4.13/modules/core/src/matrix.cpp, line 292
/Users/Brinck/Downloads/opencv-2.4.13/modules/core/src/matrix.cpp:292: error: (-215) 0 <= _colRange.start && _colRange.start <= _colRange.end && _colRange.end <= m.cols in function Mat

.OpenCV Error: Assertion failed (0 <= _colRange.start && _colRange.start <= _colRange.end && _colRange.end <= m.cols) in Mat, file /Users/Brinck/Downloads/opencv-2.4.13/modules/core/src/matrix.cpp, line 292
/Users/Brinck/Downloads/opencv-2.4.13/modules/core/src/matrix.cpp:292: error: (-215) 0 <= _colRange.start && _colRange.start <= _colRange.end && _colRange.end <= m.cols in function Mat

.OpenCV Error: Assertion failed (0 <= _colRange.start && _colRange.start <= _colRange.end && _colRange.end <= m.cols) in Mat, file /Users/Brinck/Downloads/opencv-2.4.13/modules/core/src/matrix.cpp, line 292
/Users/Brinck/Downloads/opencv-2.4.13/modules/core/src/matrix.cpp:292: error: (-215) 0 <= _colRange.start && _colRange.start <= _colRange.end && _colRange.end <= m.cols in function Mat

......#
....................#
.............OpenCV Error: Assertion failed (0 <= _colRange.start && _colRange.start <= _colRange.end && _colRange.end <= m.cols) in Mat, file /Users/Brinck/Downloads/opencv-2.4.13/modules/core/src/matrix.cpp, line 292
/Users/Brinck/Downloads/opencv-2.4.13/modules/core/src/matrix.cpp:292: error: (-215) 0 <= _colRange.start && _colRange.start <= _colRange.end && _colRange.end <= m.cols in function Mat

..OpenCV Error: Assertion failed (0 <= _colRange.start && _colRange.start <= _colRange.end && _colRange.end <= m.cols) in Mat, file /Users/Brinck/Downloads/opencv-2.4.13/modules/core/src/matrix.cpp, line 292
/Users/Brinck/Downloads/opencv-2.4.13/modules/core/src/matrix.cpp:292: error: (-215) 0 <= _colRange.start && _colRange.start <= _colRange.end && _colRange.end <= m.cols in function Mat

.OpenCV Error: Assertion failed (0 <= _colRange.start && _colRange.start <= _colRange.end && _colRange.end <= m.cols) in Mat, file /Users/Brinck/Downloads/opencv-2.4.13/modules/core/src/matrix.cpp, line 292
/Users/Brinck/Downloads/opencv-2.4.13/modules/core/src/matrix.cpp:292: error: (-215) 0 <= _colRange.start && _colRange.start <= _colRange.end && _colRange.end <= m.cols in function Mat

OpenCV Error: Assertion failed (0 <= _colRange.start && _colRange.start <= _colRange.end && _colRange.end <= m.cols) in Mat, file /Users/Brinck/Downloads/opencv-2.4.13/modules/core/src/matrix.cpp, line 292
/Users/Brinck/Downloads/opencv-2.4.13/modules/core/src/matrix.cpp:292: error: (-215) 0 <= _colRange.start && _colRange.start <= _colRange.end && _colRange.end <= m.cols in function Mat

.OpenCV Error: Assertion failed (0 <= _colRange.start && _colRange.start <= _colRange.end && _colRange.end <= m.cols) in Mat, file /Users/Brinck/Downloads/opencv-2.4.13/modules/core/src/matrix.cpp, line 292
/Users/Brinck/Downloads/opencv-2.4.13/modules/core/src/matrix.cpp:292: error: (-215) 0 <= _colRange.start && _colRange.start <= _colRange.end && _colRange.end <= m.cols in function Mat

OpenCV Error: Assertion failed (0 <= _colRange.start && _colRange.start <= _colRange.end && _colRange.end <= m.cols) in Mat, file /Users/Brinck/Downloads/opencv-2.4.13/modules/core/src/matrix.cpp, line 292
/Users/Brinck/Downloads/opencv-2.4.13/modules/core/src/matrix.cpp:292: error: (-215) 0 <= _colRange.start && _colRange.start <= _colRange.end && _colRange.end <= m.cols in function Mat

.OpenCV Error: Assertion failed (0 <= _colRange.start && _colRange.start <= _colRange.end && _colRange.end <= m.cols) in Mat, file /Users/Brinck/Downloads/opencv-2.4.13/modules/core/src/matrix.cpp, line 292
/Users/Brinck/Downloads/opencv-2.4.13/modules/core/src/matrix.cpp:292: error: (-215) 0 <= _colRange.start && _colRange.start <= _colRange.end && _colRange.end <= m.cols in function Mat

OpenCV Error: Assertion failed (0 <= _colRange.start && _colRange.start <= _colRange.end && _colRange.end <= m.cols) in Mat, file /Users/Brinck/Downloads/opencv-2.4.13/modules/core/src/matrix.cpp, line 292
/Users/Brinck/Downloads/opencv-2.4.13/modules/core/src/matrix.cpp:292: error: (-215) 0 <= _colRange.start && _colRange.start <= _colRange.end && _colRange.end <= m.cols in function Mat

OpenCV Error: Assertion failed (0 <= _colRange.start && _colRange.start <= _colRange.end && _colRange.end <= m.cols) in Mat, file /Users/Brinck/Downloads/opencv-2.4.13/modules/core/src/matrix.cpp, line 292
/Users/Brinck/Downloads/opencv-2.4.13/modules/core/src/matrix.cpp:292: error: (-215) 0 <= _colRange.start && _colRange.start <= _colRange.end && _colRange.end <= m.cols in function Mat

OpenCV Error: Assertion failed (0 <= _colRange.start && _colRange.start <= _colRange.end && _colRange.end <= m.cols) in Mat, file /Users/Brinck/Downloads/opencv-2.4.13/modules/core/src/matrix.cpp, line 292
/Users/Brinck/Downloads/opencv-2.4.13/modules/core/src/matrix.cpp:292: error: (-215) 0 <= _colRange.start && _colRange.start <= _colRange.end && _colRange.end <= m.cols in function Mat

OpenCV Error: Assertion failed (0 <= _colRange.start && _colRange.start <= _colRange.end && _colRange.end <= m.cols) in Mat, file /Users/Brinck/Downloads/opencv-2.4.13/modules/core/src/matrix.cpp, line 292
/Users/Brinck/Downloads/opencv-2.4.13/modules/core/src/matrix.cpp:292: error: (-215) 0 <= _colRange.start && _colRange.start <= _colRange.end && _colRange.end <= m.cols in function Mat

OpenCV Error: Assertion failed (0 <= _colRange.start && _colRange.start <= _colRange.end && _colRange.end <= m.cols) in Mat, file /Users/Brinck/Downloads/opencv-2.4.13/modules/core/src/matrix.cpp, line 292
/Users/Brinck/Downloads/opencv-2.4.13/modules/core/src/matrix.cpp:292: error: (-215) 0 <= _colRange.start && _colRange.start <= _colRange.end && _colRange.end <= m.cols in function Mat

.OpenCV Error: Assertion failed (0 <= _colRange.start && _colRange.start <= _colRange.end && _colRange.end <= m.cols) in Mat, file /Users/Brinck/Downloads/opencv-2.4.13/modules/core/src/matrix.cpp, line 292
/Users/Brinck/Downloads/opencv-2.4.13/modules/core/src/matrix.cpp:292: error: (-215) 0 <= _colRange.start && _colRange.start <= _colRange.end && _colRange.end <= m.cols in function Mat

.OpenCV Error: Assertion failed (0 <= _colRange.start && _colRange.start <= _colRange.end && _colRange.end <= m.cols) in Mat, file /Users/Brinck/Downloads/opencv-2.4.13/modules/core/src/matrix.cpp, line 292
/Users/Brinck/Downloads/opencv-2.4.13/modules/core/src/matrix.cpp:292: error: (-215) 0 <= _colRange.start && _colRange.start <= _colRange.end && _colRange.end <= m.cols in function Mat

#
.OpenCV Error: Assertion failed (0 <= _colRange.start && _colRange.start <= _colRange.end && _colRange.end <= m.cols) in Mat, file /Users/Brinck/Downloads/opencv-2.4.13/modules/core/src/matrix.cpp, line 292
/Users/Brinck/Downloads/opencv-2.4.13/modules/core/src/matrix.cpp:292: error: (-215) 0 <= _colRange.start && _colRange.start <= _colRange.end && _colRange.end <= m.cols in function Mat

...................#
.OpenCV Error: Assertion failed (0 <= _rowRange.start && _rowRange.start <= _rowRange.end && _rowRange.end <= m.rows) in Mat, file /Users/Brinck/Downloads/opencv-2.4.13/modules/core/src/matrix.cpp, line 284
/Users/Brinck/Downloads/opencv-2.4.13/modules/core/src/matrix.cpp:284: error: (-215) 0 <= _rowRange.start && _rowRange.start <= _rowRange.end && _rowRange.end <= m.rows in function Mat

.....OpenCV Error: Assertion failed (0 <= _colRange.start && _colRange.start <= _colRange.end && _colRange.end <= m.cols) in Mat, file /Users/Brinck/Downloads/opencv-2.4.13/modules/core/src/matrix.cpp, line 292
/Users/Brinck/Downloads/opencv-2.4.13/modules/core/src/matrix.cpp:292: error: (-215) 0 <= _colRange.start && _colRange.start <= _colRange.end && _colRange.end <= m.cols in function Mat

.....